<?xml version="1.0" encoding="UTF-8"?>
<testsuite xmlns:xsi="http://www.w3.org/2001/XMLSchema-instance" xsi:noNamespaceSchemaLocation="https://maven.apache.org/surefire/maven-surefire-plugin/xsd/surefire-test-report-3.0.xsd" version="3.0" name="TestSuite" time="15.69" tests="3" errors="0" skipped="0" failures="0">
  <properties>
[...]
</properties>
  <testcase name="runScenario[&quot;Create a new user with valid data&quot;, &quot;Users API Validation&quot;](1)" classname="runners.TestRunner" time="4.876">
    <system-out><![CDATA[==== TEST SUITE STARTED | ENV = QA ====

@api @users @positive @smoke
Scenario: Create a new user with valid data                  # src/test/resources/features/test.feature:5
  ✔ Given user payload with                                  # stepdefinitions.UserSteps.user_payload_with(io.cucumber.datatable.DataTable)
      | name   | email                   | gender | status |
      | Manish | manishHarshupt@test.com | male   | active |
  ✔ And authorization token is available                     # stepdefinitions.UserSteps.authorization_token_is_available()
HTTP/1.1 201 Created
Date: Mon, 12 Jan 2026 03:21:30 GMT
Content-Type: application/json; charset=utf-8
Content-Length: 98
Connection: keep-alive
Cache-Control: max-age=0, private, must-revalidate
etag: W/"3a8f351a3f9f42c11039c040c944697c"
feature-policy: camera 'none'; gyroscope 'none'; microphone 'none'; usb 'none'; fullscreen 'self'
location: https://gorest.co.in/public/v2/users/8327549
referrer-policy: strict-origin-when-cross-origin
vary: Origin
x-content-type-options: nosniff
x-download-options: noopen
x-frame-options: SAMEORIGIN
x-permitted-cross-domain-policies: none
x-ratelimit-limit: 90
x-ratelimit-remaining: 89
x-ratelimit-reset: 1
x-request-id: 0bc06fba-593e-4523-901f-898d059baa02
x-runtime: 0.081538
x-xss-protection: 0
Nel: {"report_to":"cf-nel","success_fraction":0.0,"max_age":604800}
cf-cache-status: DYNAMIC
Report-To: {"group":"cf-nel","max_age":604800,"endpoints":[{"url":"https://a.nel.cloudflare.com/report/v4?s=XLnX99cjiY7IQStDfnC6vB78ALhg%2FraM4%2BSoqQQdzt5Zn8TcZceiT%2FELDR8ojQdLcjIWSGtM%2Foh2c5MmKeQ9OUlCeBy0UG3eFk8R0A%3D%3D"}]}
Server: cloudflare
CF-RAY: 9bc9862d58772438-MRS
alt-svc: h3=":443"; ma=86400

{
    "id": 8327549,
    "name": "Manish",
    "email": "manishHarshupt@test.com",
    "gender": "male",
    "status": "active"
}
  ✔ When client sends POST request to "/users"               # stepdefinitions.UserSteps.client_sends_post_request(java.lang.String)
  ✔ Then the response status code should be 201              # stepdefinitions.UserSteps.verify_status_code(int)
  ✔ And the response should contain the created user details # stepdefinitions.UserSteps.verify_created_user()
]]></system-out>
    <system-err><![CDATA[SLF4J: Failed to load class "org.slf4j.impl.StaticLoggerBinder".
SLF4J: Defaulting to no-operation (NOP) logger implementation
SLF4J: See http://www.slf4j.org/codes.html#StaticLoggerBinder for further details.
ENV = QA
BROWSER = null
TAGS = null
]]></system-err>
  </testcase>
  <testcase name="runScenario[&quot;Get created user by id&quot;, &quot;Users API Validation&quot;](2)" classname="runners.TestRunner" time="3.862">
    <system-out><![CDATA[
@api @users @positive @get @smoke
Scenario: Get created user by id                        # src/test/resources/features/test.feature:15
  ✔ Given authorization token is available              # stepdefinitions.UserSteps.authorization_token_is_available()
HTTP/1.1 200 OK
Date: Mon, 12 Jan 2026 03:21:34 GMT
Content-Type: application/json; charset=utf-8
Transfer-Encoding: chunked
Connection: keep-alive
Cache-Control: max-age=0, private, must-revalidate
etag: W/"3a8f351a3f9f42c11039c040c944697c"
feature-policy: camera 'none'; gyroscope 'none'; microphone 'none'; usb 'none'; fullscreen 'self'
referrer-policy: strict-origin-when-cross-origin
vary: Origin
x-content-type-options: nosniff
x-download-options: noopen
x-frame-options: SAMEORIGIN
x-permitted-cross-domain-policies: none
x-ratelimit-limit: 90
x-ratelimit-remaining: 89
x-ratelimit-reset: 1
x-request-id: bffd64f7-1902-4753-a86c-7567285b6c4a
x-runtime: 0.060134
x-xss-protection: 0
Nel: {"report_to":"cf-nel","success_fraction":0.0,"max_age":604800}
cf-cache-status: DYNAMIC
Report-To: {"group":"cf-nel","max_age":604800,"endpoints":[{"url":"https://a.nel.cloudflare.com/report/v4?s=7eJUC03bhkbUgoFbNSkUWFKFaFbmZ1T9X3YrS6c98K0tqyDNlAWNWuWCaC4JMmqeFaweFSONS5yMEyBhaza3CRByuFG%2FSQHUh3cS8A%3D%3D"}]}
Content-Encoding: gzip
Server: cloudflare
CF-RAY: 9bc986477f0dfc1f-MRS
alt-svc: h3=":443"; ma=86400

{
    "id": 8327549,
    "name": "Manish",
    "email": "manishHarshupt@test.com",
    "gender": "male",
    "status": "active"
}
  ✔ When client sends GET request to "/users/{user_id}" # stepdefinitions.UserSteps.client_sends_get_request(java.lang.String)
  ✔ Then the response status code should be 200         # stepdefinitions.UserSteps.verify_status_code(int)
  ✔ And the response should contain user details        # stepdefinitions.UserSteps.the_response_should_contain_user_details()
]]></system-out>
    <system-err><![CDATA[ENV = QA
BROWSER = null
TAGS = null
]]></system-err>
  </testcase>
  <testcase name="runScenario[&quot;Create user with duplicate email&quot;, &quot;Users API Validation&quot;](3)" classname="runners.TestRunner" time="2.383">
    <system-out><![CDATA[
@api @users @smoke
Scenario: Create user with duplicate email                                 # src/test/resources/features/test.feature:22
  ✔ Given user payload with                                                # stepdefinitions.UserSteps.user_payload_with(io.cucumber.datatable.DataTable)
      | name | email            | gender | status |
      | Test | manisha@test.com | male   | active |
  ✔ And authorization token is available                                   # stepdefinitions.UserSteps.authorization_token_is_available()
HTTP/1.1 422 Unprocessable Entity
Date: Mon, 12 Jan 2026 03:21:38 GMT
Content-Type: application/json; charset=utf-8
Content-Length: 54
Connection: keep-alive
Cache-Control: no-cache
feature-policy: camera 'none'; gyroscope 'none'; microphone 'none'; usb 'none'; fullscreen 'self'
referrer-policy: strict-origin-when-cross-origin
vary: Origin
x-content-type-options: nosniff
x-download-options: noopen
x-frame-options: SAMEORIGIN
x-permitted-cross-domain-policies: none
x-ratelimit-limit: 90
x-ratelimit-remaining: 89
x-ratelimit-reset: 1
x-request-id: 110657b7-d949-408e-bb7e-e856e0326e65
x-runtime: 0.070981
x-xss-protection: 0
Nel: {"report_to":"cf-nel","success_fraction":0.0,"max_age":604800}
cf-cache-status: DYNAMIC
Report-To: {"group":"cf-nel","max_age":604800,"endpoints":[{"url":"https://a.nel.cloudflare.com/report/v4?s=z8vMwhs112mBZCnHFiP1HKOj13JhbsiDM%2FbU2mkIYKiTRhCDG3kYl82ljZS4O4IBiJnSEsgTMOzVMKkWrFLDLcwRIMgDQHhLuT0%3D"}]}
Server: cloudflare
CF-RAY: 9bc9865a6c7ad2aa-MRS
alt-svc: h3=":443"; ma=86400

[
    {
        "field": "email",
        "message": "has already been taken"
    }
]
  ✔ When client sends POST request to "/users"                             # stepdefinitions.UserSteps.client_sends_post_request(java.lang.String)
  ✔ Then the response status code should be 422                            # stepdefinitions.UserSteps.verify_status_code(int)
  ✔ And the response should contain an "has already been taken" as message # stepdefinitions.UserSteps.the_response_message_should_contain(java.lang.String)
]]></system-out>
    <system-err><![CDATA[ENV = QA
BROWSER = null
TAGS = null
]]></system-err>
  </testcase>
</testsuite>