<?xml version="1.0" encoding="UTF-8"?>
<testng-results ignored="0" total="3" passed="3" failed="0" skipped="0">
  <reporter-output>
  </reporter-output>
  <suite started-at="2026-01-12T08:51:26 IST" name="Suite" finished-at="2026-01-12T08:51:40 IST" duration-ms="14457">
    <groups>
      <group name="cucumber">
        <method signature="AbstractTestNGCucumberTests.runScenario(io.cucumber.testng.PickleWrapper,io.cucumber.testng.FeatureWrapper)[pri:0, instance:runners.TestRunner@268f106e]" name="runScenario" class="io.cucumber.testng.AbstractTestNGCucumberTests"/>
      </group> <!-- cucumber -->
    </groups>
    <test started-at="2026-01-12T08:51:26 IST" name="Test" finished-at="2026-01-12T08:51:40 IST" duration-ms="14457">
      <class name="runners.TestRunner">
        <test-method is-config="true" signature="setUpClass(org.testng.ITestContext)[pri:0, instance:runners.TestRunner@268f106e]" started-at="2026-01-12T08:51:26 IST" name="setUpClass" finished-at="2026-01-12T08:51:27 IST" duration-ms="676" status="PASS">
          <params>
            <param index="0">
              <value>
                <![CDATA[org.testng.TestRunner@33845e3d]]>
              </value>
            </param>
          </params>
          <reporter-output>
          </reporter-output>
        </test-method> <!-- setUpClass -->
        <test-method signature="runScenario(io.cucumber.testng.PickleWrapper,io.cucumber.testng.FeatureWrapper)[pri:0, instance:runners.TestRunner@268f106e]" started-at="2026-01-12T08:51:27 IST" name="runScenario" description="Runs Cucumber Scenarios" data-provider="scenarios" finished-at="2026-01-12T08:51:32 IST" duration-ms="4880" status="PASS">
          <params>
            <param index="0">
              <value>
                <![CDATA["Create a new user with valid data"]]>
              </value>
            </param>
            <param index="1">
              <value>
                <![CDATA["Users API Validation"]]>
              </value>
            </param>
          </params>
          <reporter-output>
          </reporter-output>
        </test-method> <!-- runScenario -->
        <test-method signature="runScenario(io.cucumber.testng.PickleWrapper,io.cucumber.testng.FeatureWrapper)[pri:0, instance:runners.TestRunner@268f106e]" started-at="2026-01-12T08:51:32 IST" name="runScenario" description="Runs Cucumber Scenarios" data-provider="scenarios" finished-at="2026-01-12T08:51:36 IST" duration-ms="3858" status="PASS">
          <params>
            <param index="0">
              <value>
                <![CDATA["Get created user by id"]]>
              </value>
            </param>
            <param index="1">
              <value>
                <![CDATA["Users API Validation"]]>
              </value>
            </param>
          </params>
          <reporter-output>
          </reporter-output>
        </test-method> <!-- runScenario -->
        <test-method signature="runScenario(io.cucumber.testng.PickleWrapper,io.cucumber.testng.FeatureWrapper)[pri:0, instance:runners.TestRunner@268f106e]" started-at="2026-01-12T08:51:36 IST" name="runScenario" description="Runs Cucumber Scenarios" data-provider="scenarios" finished-at="2026-01-12T08:51:38 IST" duration-ms="2385" status="PASS">
          <params>
            <param index="0">
              <value>
                <![CDATA["Create user with duplicate email"]]>
              </value>
            </param>
            <param index="1">
              <value>
                <![CDATA["Users API Validation"]]>
              </value>
            </param>
          </params>
          <reporter-output>
          </reporter-output>
        </test-method> <!-- runScenario -->
        <test-method is-config="true" signature="tearDownClass()[pri:0, instance:runners.TestRunner@268f106e]" started-at="2026-01-12T08:51:38 IST" name="tearDownClass" finished-at="2026-01-12T08:51:40 IST" duration-ms="2104" status="PASS">
          <reporter-output>
          </reporter-output>
        </test-method> <!-- tearDownClass -->
      </class> <!-- runners.TestRunner -->
    </test> <!-- Test -->
  </suite> <!-- Suite -->
</testng-results>
