<?xml version="1.0" encoding="UTF-8"?>
<!-- Generated by org.testng.reporters.JUnitReportReporter -->
<testsuite hostname="Manish" failures="0" tests="3" name="runners.TestRunner" time="11.123" errors="0" timestamp="2026-01-12T08:51:41 IST" skipped="0">
  <testcase classname="runners.TestRunner" name="runScenario" time="4.880"/>
  <testcase classname="runners.TestRunner" name="runScenario" time="3.858"/>
  <testcase classname="runners.TestRunner" name="runScenario" time="2.385"/>
</testsuite> <!-- runners.TestRunner -->
